{"level":"warn","message":"Address in use, retrying...","timestamp":"2024-07-29T17:10:18.862Z"}
{"level":"warn","message":"Address in use, retrying...","timestamp":"2024-07-29T17:15:03.984Z"}
{"level":"warn","message":"Address in use, retrying...","timestamp":"2024-07-29T17:16:36.162Z"}
{"level":"warn","message":"Address in use, retrying...","timestamp":"2024-07-29T20:08:47.802Z"}
{"level":"warn","message":"Address in use, retrying...","timestamp":"2024-07-29T20:30:36.681Z"}
{"level":"warn","message":"Address in use, retrying...","timestamp":"2024-07-29T20:30:37.692Z"}
{"level":"warn","message":"Address in use, retrying...","timestamp":"2024-07-29T20:30:38.703Z"}
{"level":"warn","message":"Address in use, retrying...","timestamp":"2024-07-29T20:30:39.710Z"}
{"level":"warn","message":"Address in use, retrying...","timestamp":"2024-07-29T20:30:40.721Z"}
{"level":"warn","message":"Address in use, retrying...","timestamp":"2024-07-29T20:30:41.733Z"}
{"level":"warn","message":"Address in use, retrying...","timestamp":"2024-07-29T20:30:42.743Z"}
{"level":"warn","message":"Address in use, retrying...","timestamp":"2024-07-29T20:30:43.757Z"}
{"level":"warn","message":"Address in use, retrying...","timestamp":"2024-07-29T20:30:44.763Z"}
{"level":"warn","message":"Address in use, retrying...","timestamp":"2024-07-29T20:30:45.771Z"}
{"level":"warn","message":"Address in use, retrying...","timestamp":"2024-07-29T20:30:46.776Z"}
{"level":"warn","message":"Address in use, retrying...","timestamp":"2024-07-29T20:30:47.786Z"}
{"level":"warn","message":"Address in use, retrying...","timestamp":"2024-07-29T20:30:48.793Z"}
{"level":"warn","message":"Address in use, retrying...","timestamp":"2024-07-29T20:30:49.798Z"}
{"level":"warn","message":"Address in use, retrying...","timestamp":"2024-07-29T20:30:50.803Z"}
{"level":"warn","message":"Address in use, retrying...","timestamp":"2024-07-29T20:30:51.814Z"}
{"level":"warn","message":"Address in use, retrying...","timestamp":"2024-07-29T20:30:52.818Z"}
{"level":"warn","message":"Address in use, retrying...","timestamp":"2024-07-29T20:30:53.825Z"}
{"level":"warn","message":"Address in use, retrying...","timestamp":"2024-07-29T20:30:54.834Z"}
{"level":"warn","message":"Address in use, retrying...","timestamp":"2024-07-29T20:30:55.842Z"}
{"level":"warn","message":"Address in use, retrying...","timestamp":"2024-07-29T20:47:08.695Z"}
{"level":"warn","message":"Address in use, retrying...","timestamp":"2024-07-29T20:47:09.712Z"}
{"level":"warn","message":"Address in use, retrying...","timestamp":"2024-07-29T20:47:10.730Z"}
{"level":"warn","message":"Address in use, retrying...","timestamp":"2024-07-29T20:47:11.749Z"}
{"level":"warn","message":"Address in use, retrying...","timestamp":"2024-07-29T20:47:12.758Z"}
{"level":"warn","message":"Address in use, retrying...","timestamp":"2024-07-29T20:47:13.767Z"}
{"level":"warn","message":"Address in use, retrying...","timestamp":"2024-07-29T20:47:14.783Z"}
{"level":"warn","message":"Address in use, retrying...","timestamp":"2024-07-29T20:47:15.791Z"}
{"level":"warn","message":"Address in use, retrying...","timestamp":"2024-07-29T20:47:16.796Z"}
{"level":"warn","message":"Address in use, retrying...","timestamp":"2024-07-29T20:47:17.807Z"}
{"level":"warn","message":"Address in use, retrying...","timestamp":"2024-07-29T20:47:18.812Z"}
{"level":"warn","message":"Address in use, retrying...","timestamp":"2024-07-29T20:47:19.816Z"}
{"level":"warn","message":"Address in use, retrying...","timestamp":"2024-07-29T20:47:20.821Z"}
{"level":"warn","message":"Address in use, retrying...","timestamp":"2024-07-29T20:51:03.156Z"}
{"level":"warn","message":"Address in use, retrying...","timestamp":"2024-07-29T20:51:04.177Z"}
{"level":"warn","message":"Address in use, retrying...","timestamp":"2024-07-29T20:51:05.183Z"}
{"level":"warn","message":"Address in use, retrying...","timestamp":"2024-07-29T20:51:06.201Z"}
{"level":"warn","message":"Address in use, retrying...","timestamp":"2024-07-29T20:51:07.208Z"}
{"level":"warn","message":"Address in use, retrying...","timestamp":"2024-07-29T20:51:08.217Z"}
{"level":"warn","message":"Address in use, retrying...","timestamp":"2024-07-29T20:51:09.221Z"}
{"level":"warn","message":"Address in use, retrying...","timestamp":"2024-07-29T20:51:10.231Z"}
{"level":"warn","message":"Address in use, retrying...","timestamp":"2024-07-29T20:51:11.243Z"}
{"level":"warn","message":"Address in use, retrying...","timestamp":"2024-07-29T20:51:12.261Z"}
{"level":"warn","message":"Address in use, retrying...","timestamp":"2024-07-29T20:51:13.265Z"}
{"level":"warn","message":"Address in use, retrying...","timestamp":"2024-07-29T20:51:14.270Z"}
{"level":"warn","message":"Address in use, retrying...","timestamp":"2024-07-29T20:51:15.289Z"}
{"level":"warn","message":"Address in use, retrying...","timestamp":"2024-07-29T20:51:16.297Z"}
{"level":"warn","message":"Address in use, retrying...","timestamp":"2024-07-29T20:51:17.313Z"}
{"level":"warn","message":"Address in use, retrying...","timestamp":"2024-07-29T20:51:18.331Z"}
{"level":"warn","message":"Address in use, retrying...","timestamp":"2024-07-29T20:51:19.346Z"}
{"level":"warn","message":"Address in use, retrying...","timestamp":"2024-07-29T20:51:20.350Z"}
{"level":"warn","message":"Address in use, retrying...","timestamp":"2024-07-29T20:51:21.362Z"}
{"level":"warn","message":"Address in use, retrying...","timestamp":"2024-07-29T20:51:22.370Z"}
{"level":"warn","message":"Address in use, retrying...","timestamp":"2024-07-29T20:51:23.379Z"}
{"level":"warn","message":"Address in use, retrying...","timestamp":"2024-07-29T20:51:24.423Z"}
{"level":"warn","message":"Address in use, retrying...","timestamp":"2024-07-29T20:51:25.430Z"}
{"level":"warn","message":"Address in use, retrying...","timestamp":"2024-07-29T20:51:26.436Z"}
{"level":"warn","message":"Address in use, retrying...","timestamp":"2024-07-29T20:51:27.456Z"}
{"level":"warn","message":"Address in use, retrying...","timestamp":"2024-07-29T20:51:28.480Z"}
{"level":"warn","message":"Address in use, retrying...","timestamp":"2024-07-29T20:51:29.497Z"}
{"level":"warn","message":"Address in use, retrying...","timestamp":"2024-07-29T20:51:30.511Z"}
{"level":"warn","message":"Address in use, retrying...","timestamp":"2024-07-29T20:51:31.516Z"}
{"level":"warn","message":"Address in use, retrying...","timestamp":"2024-07-29T20:51:32.531Z"}
{"level":"warn","message":"Address in use, retrying...","timestamp":"2024-07-29T20:51:33.546Z"}
{"level":"warn","message":"Address in use, retrying...","timestamp":"2024-07-29T20:51:34.558Z"}
{"level":"warn","message":"Address in use, retrying...","timestamp":"2024-07-29T20:51:35.567Z"}
{"level":"warn","message":"Address in use, retrying...","timestamp":"2024-07-29T20:51:36.578Z"}
{"level":"warn","message":"Address in use, retrying...","timestamp":"2024-07-29T20:51:37.583Z"}
{"level":"warn","message":"Address in use, retrying...","timestamp":"2024-07-29T20:51:38.585Z"}
{"level":"warn","message":"Address in use, retrying...","timestamp":"2024-07-29T20:51:39.593Z"}
{"level":"warn","message":"Address in use, retrying...","timestamp":"2024-07-29T20:51:40.605Z"}
{"level":"warn","message":"Address in use, retrying...","timestamp":"2024-07-29T20:51:41.608Z"}
{"level":"warn","message":"Address in use, retrying...","timestamp":"2024-07-29T20:51:42.611Z"}
{"level":"warn","message":"Address in use, retrying...","timestamp":"2024-07-29T20:51:43.617Z"}
{"level":"warn","message":"Address in use, retrying...","timestamp":"2024-07-29T20:51:44.627Z"}
{"level":"warn","message":"Address in use, retrying...","timestamp":"2024-07-29T20:51:45.638Z"}
{"level":"warn","message":"Address in use, retrying...","timestamp":"2024-07-29T20:51:46.643Z"}
{"level":"warn","message":"Address in use, retrying...","timestamp":"2024-07-29T20:51:47.653Z"}
{"level":"warn","message":"Address in use, retrying...","timestamp":"2024-07-29T20:51:48.681Z"}
{"level":"warn","message":"Address in use, retrying...","timestamp":"2024-07-29T20:51:49.701Z"}
{"level":"warn","message":"Address in use, retrying...","timestamp":"2024-07-29T20:51:50.719Z"}
{"level":"warn","message":"Address in use, retrying...","timestamp":"2024-07-29T20:51:51.732Z"}
{"level":"warn","message":"Address in use, retrying...","timestamp":"2024-07-29T20:51:52.740Z"}
{"level":"warn","message":"Address in use, retrying...","timestamp":"2024-07-29T20:51:53.752Z"}
{"level":"warn","message":"Address in use, retrying...","timestamp":"2024-07-29T20:51:54.768Z"}
{"level":"warn","message":"Address in use, retrying...","timestamp":"2024-07-29T20:51:55.775Z"}
{"level":"warn","message":"Address in use, retrying...","timestamp":"2024-07-29T20:51:56.784Z"}
{"level":"warn","message":"Address in use, retrying...","timestamp":"2024-07-29T20:51:57.794Z"}
{"level":"warn","message":"Address in use, retrying...","timestamp":"2024-07-29T20:51:58.825Z"}
{"level":"warn","message":"Address in use, retrying...","timestamp":"2024-07-29T20:51:59.845Z"}
{"level":"warn","message":"Address in use, retrying...","timestamp":"2024-07-29T20:52:00.874Z"}
{"level":"warn","message":"Address in use, retrying...","timestamp":"2024-07-29T20:52:01.889Z"}
{"level":"warn","message":"Address in use, retrying...","timestamp":"2024-07-29T20:52:02.898Z"}
{"level":"warn","message":"Address in use, retrying...","timestamp":"2024-07-29T20:52:03.902Z"}
{"level":"info","message":"Server started on port 50687","timestamp":"2024-07-29T20:55:26.275Z"}
{"level":"info","message":"Port 50687 written to C:\\Users\\sebas\\boulangerie-app\\port.txt","timestamp":"2024-07-29T20:55:26.293Z"}
{"level":"info","message":"Retrieved 3 products","timestamp":"2024-07-29T20:56:50.472Z"}
{"level":"info","message":"Retrieved 3 products","timestamp":"2024-07-29T20:56:50.565Z"}
{"level":"info","message":"Retrieved 3 products","timestamp":"2024-07-29T20:56:50.580Z"}
{"level":"info","message":"Retrieved 3 products","timestamp":"2024-07-29T20:56:50.596Z"}
{"level":"info","message":"Retrieved 3 products","timestamp":"2024-07-29T20:56:50.612Z"}
{"level":"info","message":"Retrieved 3 products","timestamp":"2024-07-29T20:56:50.629Z"}
{"level":"info","message":"Retrieved 3 products","timestamp":"2024-07-29T20:56:50.650Z"}
{"level":"info","message":"Retrieved 3 products","timestamp":"2024-07-29T20:56:50.664Z"}
{"level":"info","message":"Retrieved 3 products","timestamp":"2024-07-29T20:56:50.681Z"}
{"level":"info","message":"Retrieved 3 products","timestamp":"2024-07-29T20:56:50.697Z"}
{"level":"info","message":"Retrieved 3 products","timestamp":"2024-07-29T20:56:50.710Z"}
{"level":"info","message":"Retrieved 3 products","timestamp":"2024-07-29T20:56:50.777Z"}
{"level":"info","message":"Retrieved 3 products","timestamp":"2024-07-29T20:56:50.789Z"}
{"level":"info","message":"Retrieved 3 products","timestamp":"2024-07-29T20:56:50.800Z"}
{"level":"info","message":"Retrieved 3 products","timestamp":"2024-07-29T20:56:50.812Z"}
{"level":"info","message":"Retrieved 3 products","timestamp":"2024-07-29T20:56:50.823Z"}
{"level":"info","message":"Retrieved 3 products","timestamp":"2024-07-29T20:56:50.833Z"}
{"level":"info","message":"Retrieved 3 products","timestamp":"2024-07-29T20:56:50.845Z"}
{"level":"info","message":"Retrieved 3 products","timestamp":"2024-07-29T20:56:50.856Z"}
{"level":"info","message":"Retrieved 3 products","timestamp":"2024-07-29T20:56:50.867Z"}
{"level":"info","message":"Retrieved 3 products","timestamp":"2024-07-29T20:56:50.878Z"}
{"level":"info","message":"Retrieved 3 products","timestamp":"2024-07-29T20:56:50.887Z"}
{"level":"info","message":"Retrieved 3 products","timestamp":"2024-07-29T20:56:50.897Z"}
{"level":"info","message":"Retrieved 3 products","timestamp":"2024-07-29T20:56:50.907Z"}
{"level":"info","message":"Retrieved 3 products","timestamp":"2024-07-29T20:56:50.917Z"}
{"level":"info","message":"Retrieved 3 products","timestamp":"2024-07-29T20:56:50.927Z"}
{"level":"info","message":"Retrieved 3 products","timestamp":"2024-07-29T20:56:50.935Z"}
{"level":"info","message":"Retrieved 3 products","timestamp":"2024-07-29T20:56:50.943Z"}
{"level":"info","message":"Retrieved 3 products","timestamp":"2024-07-29T21:04:39.454Z"}
{"level":"info","message":"Retrieved 3 products","timestamp":"2024-07-29T21:04:39.485Z"}
{"level":"info","message":"Retrieved 3 products","timestamp":"2024-07-29T21:04:39.493Z"}
{"level":"info","message":"Retrieved 3 products","timestamp":"2024-07-29T21:04:39.505Z"}
{"level":"info","message":"Retrieved 3 products","timestamp":"2024-07-29T21:04:39.516Z"}
{"level":"info","message":"Retrieved 3 products","timestamp":"2024-07-29T21:04:39.525Z"}
{"level":"info","message":"Retrieved 3 products","timestamp":"2024-07-29T21:04:39.540Z"}
{"level":"info","message":"Retrieved 3 products","timestamp":"2024-07-29T21:04:39.548Z"}
{"level":"info","message":"Retrieved 3 products","timestamp":"2024-07-29T21:04:39.556Z"}
{"level":"info","message":"Retrieved 3 products","timestamp":"2024-07-29T21:04:39.567Z"}
{"level":"info","message":"Retrieved 3 products","timestamp":"2024-07-29T21:04:39.585Z"}
{"level":"info","message":"Retrieved 3 products","timestamp":"2024-07-29T21:04:39.593Z"}
{"level":"info","message":"Retrieved 3 products","timestamp":"2024-07-29T21:04:39.601Z"}
{"level":"info","message":"Retrieved 3 products","timestamp":"2024-07-29T21:04:39.610Z"}
{"level":"info","message":"Retrieved 3 products","timestamp":"2024-07-29T21:04:39.618Z"}
{"level":"info","message":"Retrieved 3 products","timestamp":"2024-07-29T21:04:39.627Z"}
{"level":"info","message":"Retrieved 3 products","timestamp":"2024-07-29T21:04:39.634Z"}
{"level":"info","message":"Retrieved 3 products","timestamp":"2024-07-29T21:04:39.643Z"}
{"level":"info","message":"Retrieved 3 products","timestamp":"2024-07-29T21:04:39.651Z"}
{"level":"info","message":"Retrieved 3 products","timestamp":"2024-07-29T21:04:39.660Z"}
{"level":"info","message":"Retrieved 3 products","timestamp":"2024-07-29T21:04:39.679Z"}
{"level":"info","message":"Retrieved 3 products","timestamp":"2024-07-29T21:04:39.687Z"}
{"level":"info","message":"Retrieved 3 products","timestamp":"2024-07-29T21:04:39.695Z"}
{"level":"info","message":"Retrieved 3 products","timestamp":"2024-07-29T21:04:39.704Z"}
{"level":"info","message":"Retrieved 3 products","timestamp":"2024-07-29T21:04:39.712Z"}
{"level":"info","message":"Retrieved 3 products","timestamp":"2024-07-29T21:04:39.721Z"}
{"level":"info","message":"Retrieved 3 products","timestamp":"2024-07-29T21:04:39.730Z"}
{"level":"info","message":"Retrieved 3 products","timestamp":"2024-07-29T21:04:39.740Z"}
{"level":"info","message":"Retrieved 3 products","timestamp":"2024-07-29T21:04:39.751Z"}
{"level":"info","message":"Retrieved 3 products","timestamp":"2024-07-29T21:04:39.762Z"}
{"level":"info","message":"Retrieved 3 products","timestamp":"2024-07-29T21:14:35.692Z"}
{"level":"info","message":"Retrieved 3 products","timestamp":"2024-07-29T21:14:35.715Z"}
{"level":"info","message":"Retrieved 3 products","timestamp":"2024-07-29T21:14:35.725Z"}
{"level":"info","message":"Retrieved 3 products","timestamp":"2024-07-29T21:14:35.737Z"}
{"level":"info","message":"Retrieved 3 products","timestamp":"2024-07-29T21:14:35.746Z"}
{"level":"info","message":"Retrieved 3 products","timestamp":"2024-07-29T21:14:35.759Z"}
{"level":"info","message":"Retrieved 3 products","timestamp":"2024-07-29T21:14:35.771Z"}
{"level":"info","message":"Retrieved 3 products","timestamp":"2024-07-29T21:14:35.784Z"}
{"level":"info","message":"Retrieved 3 products","timestamp":"2024-07-29T21:14:35.796Z"}
{"level":"info","message":"Retrieved 3 products","timestamp":"2024-07-29T21:14:35.807Z"}
{"level":"info","message":"Retrieved 3 products","timestamp":"2024-07-29T21:14:35.820Z"}
{"level":"info","message":"Retrieved 3 products","timestamp":"2024-07-29T21:14:35.831Z"}
{"level":"info","message":"Retrieved 3 products","timestamp":"2024-07-29T21:14:35.842Z"}
{"level":"info","message":"Retrieved 3 products","timestamp":"2024-07-29T21:14:35.852Z"}
{"level":"info","message":"Retrieved 3 products","timestamp":"2024-07-29T21:14:35.862Z"}
{"level":"info","message":"Retrieved 3 products","timestamp":"2024-07-29T21:14:35.876Z"}
{"level":"info","message":"Retrieved 3 products","timestamp":"2024-07-29T21:14:35.887Z"}
{"level":"info","message":"Retrieved 3 products","timestamp":"2024-07-29T21:14:35.897Z"}
{"level":"info","message":"Retrieved 3 products","timestamp":"2024-07-29T21:14:35.910Z"}
{"level":"info","message":"Retrieved 3 products","timestamp":"2024-07-29T21:14:35.921Z"}
{"level":"info","message":"Retrieved 3 products","timestamp":"2024-07-29T21:14:35.930Z"}
{"level":"info","message":"Retrieved 3 products","timestamp":"2024-07-29T21:14:35.939Z"}
{"level":"info","message":"Retrieved 3 products","timestamp":"2024-07-29T21:14:35.949Z"}
{"level":"info","message":"Retrieved 3 products","timestamp":"2024-07-29T21:14:35.957Z"}
{"level":"info","message":"Retrieved 3 products","timestamp":"2024-07-29T21:14:35.968Z"}
{"level":"info","message":"Retrieved 3 products","timestamp":"2024-07-29T21:14:35.977Z"}
{"level":"info","message":"Retrieved 3 products","timestamp":"2024-07-29T21:14:36.004Z"}
{"level":"info","message":"Retrieved 3 products","timestamp":"2024-07-29T21:14:36.029Z"}
{"level":"info","message":"Retrieved 3 products","timestamp":"2024-07-29T21:14:36.041Z"}
{"level":"info","message":"Retrieved 3 products","timestamp":"2024-07-29T21:14:36.133Z"}
{"level":"info","message":"Retrieved 3 products","timestamp":"2024-07-29T21:20:01.180Z"}
{"level":"info","message":"Retrieved 3 products","timestamp":"2024-07-29T21:20:01.195Z"}
{"level":"info","message":"Retrieved 3 products","timestamp":"2024-07-29T21:20:01.207Z"}
{"level":"info","message":"Retrieved 3 products","timestamp":"2024-07-29T21:20:01.225Z"}
{"level":"info","message":"Retrieved 3 products","timestamp":"2024-07-29T21:20:01.233Z"}
{"level":"info","message":"Retrieved 3 products","timestamp":"2024-07-29T21:26:54.391Z"}
{"level":"info","message":"Retrieved 3 products","timestamp":"2024-07-29T21:26:54.408Z"}
{"level":"info","message":"Retrieved 3 products","timestamp":"2024-07-29T21:26:54.417Z"}
{"level":"info","message":"Retrieved 3 products","timestamp":"2024-07-29T21:26:54.430Z"}
{"level":"info","message":"Retrieved 3 products","timestamp":"2024-07-29T21:26:54.445Z"}
{"level":"info","message":"Retrieved 3 products","timestamp":"2024-07-29T21:26:54.462Z"}
{"level":"info","message":"Retrieved 3 products","timestamp":"2024-07-29T21:26:54.476Z"}
{"level":"info","message":"Retrieved 3 products","timestamp":"2024-07-29T21:26:54.487Z"}
{"level":"info","message":"Retrieved 3 products","timestamp":"2024-07-29T21:26:54.500Z"}
{"level":"info","message":"Retrieved 3 products","timestamp":"2024-07-29T21:26:54.513Z"}
{"level":"info","message":"Retrieved 3 products","timestamp":"2024-07-29T21:26:54.523Z"}
{"level":"info","message":"Retrieved 3 products","timestamp":"2024-07-29T21:26:54.535Z"}
{"level":"info","message":"Retrieved 3 products","timestamp":"2024-07-29T21:26:54.545Z"}
{"level":"info","message":"Retrieved 3 products","timestamp":"2024-07-29T21:28:22.360Z"}
{"level":"info","message":"Retrieved 3 products","timestamp":"2024-07-29T21:28:22.375Z"}
{"level":"info","message":"Retrieved 3 products","timestamp":"2024-07-29T21:28:22.402Z"}
{"level":"info","message":"Retrieved 3 products","timestamp":"2024-07-29T21:28:56.877Z"}
{"level":"info","message":"Retrieved 3 products","timestamp":"2024-07-29T21:28:56.897Z"}
{"level":"info","message":"Retrieved 3 products","timestamp":"2024-07-29T21:28:56.909Z"}
{"level":"info","message":"Retrieved 3 products","timestamp":"2024-07-29T21:28:56.925Z"}
{"level":"info","message":"Retrieved 3 products","timestamp":"2024-07-29T21:28:56.959Z"}
{"level":"info","message":"Retrieved 3 products","timestamp":"2024-07-29T21:28:56.980Z"}
{"$__":{"$options":{"defaults":true},"$setCalled":{},"_id":"66a80b8d8b2ba80f90bb27f3","activePaths":{"paths":{"name":"require","price":"require","stock":"require"},"stateNames":["require","modify","init","default","ignore"],"states":{"default":{},"ignore":{},"init":{},"modify":{},"require":{"name":true,"price":true,"stock":true}}},"backup":{"activePaths":{"default":{"_id":true},"modify":{"name":true,"price":true,"stock":true}}},"cachedRequired":{},"emitter":{"_events":{},"_eventsCount":0,"_maxListeners":0},"getters":{},"inserting":true,"pathsToScopes":{},"savedState":{},"session":null,"strictMode":true,"validating":null,"wasPopulated":false},"$locals":{},"$op":null,"_doc":{"__v":0,"_id":"66a80b8d8b2ba80f90bb27f3","name":"pain aux raisins","price":1,"stock":14},"isNew":false,"level":"info","message":"New product created:","timestamp":"2024-07-29T21:37:17.300Z"}
{"level":"info","message":"Retrieved 4 products","timestamp":"2024-07-29T21:42:41.346Z"}
{"level":"info","message":"Retrieved 4 products","timestamp":"2024-07-29T21:42:41.371Z"}
{"level":"info","message":"Retrieved 4 products","timestamp":"2024-07-29T21:42:41.392Z"}
{"level":"info","message":"Retrieved 4 products","timestamp":"2024-07-29T21:42:41.405Z"}
{"level":"info","message":"Retrieved 4 products","timestamp":"2024-07-29T21:42:41.424Z"}
{"level":"info","message":"Retrieved 4 products","timestamp":"2024-07-29T21:42:41.434Z"}
{"level":"info","message":"Retrieved 4 products","timestamp":"2024-07-29T21:43:14.356Z"}
{"level":"info","message":"Retrieved 4 products","timestamp":"2024-07-29T21:43:48.428Z"}
{"level":"info","message":"Retrieved 4 products","timestamp":"2024-07-29T21:44:06.325Z"}
{"level":"info","message":"Retrieved 4 products","timestamp":"2024-07-29T21:44:21.607Z"}
{"level":"info","message":"Retrieved 4 products","timestamp":"2024-07-29T21:44:21.623Z"}
{"level":"info","message":"Retrieved 4 products","timestamp":"2024-07-29T21:44:21.639Z"}
{"level":"info","message":"Retrieved 4 products","timestamp":"2024-07-29T21:44:21.648Z"}
{"level":"info","message":"Retrieved 4 products","timestamp":"2024-07-29T21:44:21.660Z"}
{"level":"info","message":"Retrieved 4 products","timestamp":"2024-07-29T21:44:21.672Z"}
{"level":"info","message":"Retrieved 4 products","timestamp":"2024-07-29T21:44:25.019Z"}
{"$__":{"$options":{"defaults":true},"$setCalled":{},"_id":"66a80d418b2ba80f90bb2805","activePaths":{"paths":{"name":"require","price":"require","stock":"require"},"stateNames":["require","modify","init","default","ignore"],"states":{"default":{},"ignore":{},"init":{},"modify":{},"require":{"name":true,"price":true,"stock":true}}},"backup":{"activePaths":{"default":{"_id":true},"modify":{"name":true,"price":true,"stock":true}}},"cachedRequired":{},"emitter":{"_events":{},"_eventsCount":0,"_maxListeners":0},"getters":{},"inserting":true,"pathsToScopes":{},"savedState":{},"session":null,"strictMode":true,"validating":null,"wasPopulated":false},"$locals":{},"$op":null,"_doc":{"__v":0,"_id":"66a80d418b2ba80f90bb2805","name":"pain aux raisins","price":1,"stock":14},"isNew":false,"level":"info","message":"New product created:","timestamp":"2024-07-29T21:44:33.806Z"}
{"level":"info","message":"Retrieved 5 products","timestamp":"2024-07-29T21:44:37.790Z"}
{"level":"info","message":"Server started on port 50687","timestamp":"2024-07-30T06:21:31.293Z"}
{"level":"info","message":"Port 50687 written to C:\\Users\\sebas\\boulangerie-app\\port.txt","timestamp":"2024-07-30T06:21:31.296Z"}
{"level":"info","message":"Retrieved 5 products","timestamp":"2024-07-30T06:21:46.144Z"}
{"level":"info","message":"Retrieved 5 products","timestamp":"2024-07-30T06:21:46.168Z"}
{"level":"info","message":"Retrieved 5 products","timestamp":"2024-07-30T06:21:46.182Z"}
{"level":"info","message":"Retrieved 5 products","timestamp":"2024-07-30T06:21:46.196Z"}
{"level":"info","message":"Retrieved 5 products","timestamp":"2024-07-30T06:21:46.210Z"}
{"level":"info","message":"Retrieved 5 products","timestamp":"2024-07-30T06:21:46.221Z"}
{"$__":{"$options":{"defaults":true},"$setCalled":{},"_id":"66a886c44c67193d10fa8b0a","activePaths":{"paths":{"name":"require","price":"require","stock":"require"},"stateNames":["require","modify","init","default","ignore"],"states":{"default":{},"ignore":{},"init":{},"modify":{},"require":{"name":true,"price":true,"stock":true}}},"backup":{"activePaths":{"default":{"_id":true},"modify":{"name":true,"price":true,"stock":true}}},"cachedRequired":{},"emitter":{"_events":{},"_eventsCount":0,"_maxListeners":0},"getters":{},"inserting":true,"pathsToScopes":{},"savedState":{},"session":null,"strictMode":true,"validating":null,"wasPopulated":false},"$locals":{},"$op":null,"_doc":{"__v":0,"_id":"66a886c44c67193d10fa8b0a","name":"pain aux raisins","price":1,"stock":14},"isNew":false,"level":"info","message":"New product created:","timestamp":"2024-07-30T06:23:00.735Z"}
{"level":"info","message":"Retrieved 6 products","timestamp":"2024-07-30T06:23:07.989Z"}
{"$__":{"$options":{"defaults":true,"isNew":false,"skipId":true,"willInit":true},"$setCalled":{},"_id":"66a7f94737531a500657374e","activePaths":{"paths":{"__v":"init","_id":"init","name":"init","price":"init","stock":"init"},"stateNames":["require","modify","init","default","ignore"],"states":{"default":{},"ignore":{},"init":{"__v":true,"_id":true,"name":true,"price":true,"stock":true},"modify":{},"require":{}}},"cachedRequired":{},"emitter":{"_events":{},"_eventsCount":0,"_maxListeners":0},"getters":{},"pathsToScopes":{},"session":null,"strictMode":true,"wasPopulated":false},"$init":true,"$locals":{},"$op":null,"_doc":{"__v":0,"_id":"66a7f94737531a500657374e","name":"Test Product","price":9.99,"stock":100},"isNew":false,"level":"info","message":"Product deleted successfully:","timestamp":"2024-07-30T06:23:12.438Z"}
{"$__":{"$options":{"defaults":true,"isNew":false,"skipId":true,"willInit":true},"$setCalled":{},"_id":"66a7fc2937531a500657376f","activePaths":{"paths":{"__v":"init","_id":"init","name":"init","price":"init","stock":"init"},"stateNames":["require","modify","init","default","ignore"],"states":{"default":{},"ignore":{},"init":{"__v":true,"_id":true,"name":true,"price":true,"stock":true},"modify":{},"require":{}}},"cachedRequired":{},"emitter":{"_events":{},"_eventsCount":0,"_maxListeners":0},"getters":{},"pathsToScopes":{},"session":null,"strictMode":true,"wasPopulated":false},"$init":true,"$locals":{},"$op":null,"_doc":{"__v":0,"_id":"66a7fc2937531a500657376f","name":"Test Product","price":9.99,"stock":100},"isNew":false,"level":"info","message":"Product deleted successfully:","timestamp":"2024-07-30T06:23:13.469Z"}
{"$__":{"$options":{"defaults":true,"isNew":false,"skipId":true,"willInit":true},"$setCalled":{},"_id":"66a7fee337531a5006573790","activePaths":{"paths":{"__v":"init","_id":"init","name":"init","price":"init","stock":"init"},"stateNames":["require","modify","init","default","ignore"],"states":{"default":{},"ignore":{},"init":{"__v":true,"_id":true,"name":true,"price":true,"stock":true},"modify":{},"require":{}}},"cachedRequired":{},"emitter":{"_events":{},"_eventsCount":0,"_maxListeners":0},"getters":{},"pathsToScopes":{},"session":null,"strictMode":true,"wasPopulated":false},"$init":true,"$locals":{},"$op":null,"_doc":{"__v":0,"_id":"66a7fee337531a5006573790","name":"Test Product","price":9.99,"stock":100},"isNew":false,"level":"info","message":"Product deleted successfully:","timestamp":"2024-07-30T06:23:14.818Z"}
{"$__":{"$options":{"defaults":true,"isNew":false,"skipId":true,"willInit":true},"$setCalled":{},"_id":"66a80b8d8b2ba80f90bb27f3","activePaths":{"paths":{"__v":"init","_id":"init","name":"init","price":"init","stock":"init"},"stateNames":["require","modify","init","default","ignore"],"states":{"default":{},"ignore":{},"init":{"__v":true,"_id":true,"name":true,"price":true,"stock":true},"modify":{},"require":{}}},"cachedRequired":{},"emitter":{"_events":{},"_eventsCount":0,"_maxListeners":0},"getters":{},"pathsToScopes":{},"session":null,"strictMode":true,"wasPopulated":false},"$init":true,"$locals":{},"$op":null,"_doc":{"__v":0,"_id":"66a80b8d8b2ba80f90bb27f3","name":"pain aux raisins","price":1,"stock":14},"isNew":false,"level":"info","message":"Product deleted successfully:","timestamp":"2024-07-30T06:23:15.421Z"}
{"$__":{"$options":{"defaults":true,"isNew":false,"skipId":true,"willInit":true},"$setCalled":{},"_id":"66a80d418b2ba80f90bb2805","activePaths":{"paths":{"__v":"init","_id":"init","name":"init","price":"init","stock":"init"},"stateNames":["require","modify","init","default","ignore"],"states":{"default":{},"ignore":{},"init":{"__v":true,"_id":true,"name":true,"price":true,"stock":true},"modify":{},"require":{}}},"cachedRequired":{},"emitter":{"_events":{},"_eventsCount":0,"_maxListeners":0},"getters":{},"pathsToScopes":{},"session":null,"strictMode":true,"wasPopulated":false},"$init":true,"$locals":{},"$op":null,"_doc":{"__v":0,"_id":"66a80d418b2ba80f90bb2805","name":"pain aux raisins","price":1,"stock":14},"isNew":false,"level":"info","message":"Product deleted successfully:","timestamp":"2024-07-30T06:23:17.891Z"}
{"$__":{"$options":{"defaults":true,"isNew":false,"skipId":true,"willInit":true},"$setCalled":{},"_id":"66a886c44c67193d10fa8b0a","activePaths":{"paths":{"__v":"init","_id":"init","name":"init","price":"init","stock":"init"},"stateNames":["require","modify","init","default","ignore"],"states":{"default":{},"ignore":{},"init":{"__v":true,"_id":true,"name":true,"price":true,"stock":true},"modify":{},"require":{}}},"cachedRequired":{},"emitter":{"_events":{},"_eventsCount":0,"_maxListeners":0},"getters":{},"pathsToScopes":{},"session":null,"strictMode":true,"wasPopulated":false},"$init":true,"$locals":{},"$op":null,"_doc":{"__v":0,"_id":"66a886c44c67193d10fa8b0a","name":"pain aux raisins","price":1,"stock":14},"isNew":false,"level":"info","message":"Product deleted successfully:","timestamp":"2024-07-30T06:23:18.941Z"}
{"$__":{"$options":{"defaults":true},"$setCalled":{},"_id":"66a886e24c67193d10fa8b13","activePaths":{"paths":{"name":"require","price":"require","stock":"require"},"stateNames":["require","modify","init","default","ignore"],"states":{"default":{},"ignore":{},"init":{},"modify":{},"require":{"name":true,"price":true,"stock":true}}},"backup":{"activePaths":{"default":{"_id":true},"modify":{"name":true,"price":true,"stock":true}}},"cachedRequired":{},"emitter":{"_events":{},"_eventsCount":0,"_maxListeners":0},"getters":{},"inserting":true,"pathsToScopes":{},"savedState":{},"session":null,"strictMode":true,"validating":null,"wasPopulated":false},"$locals":{},"$op":null,"_doc":{"__v":0,"_id":"66a886e24c67193d10fa8b13","name":"pain au chocolat","price":150,"stock":1000},"isNew":false,"level":"info","message":"New product created:","timestamp":"2024-07-30T06:23:30.911Z"}
{"level":"info","message":"Retrieved 1 products","timestamp":"2024-07-30T06:23:33.701Z"}
{"$__":{"$options":{"defaults":true,"isNew":false,"skipId":true,"willInit":true},"$setCalled":{},"_id":"66a886e24c67193d10fa8b13","activePaths":{"paths":{"__v":"init","_id":"init","name":"init","price":"init","stock":"init"},"stateNames":["require","modify","init","default","ignore"],"states":{"default":{},"ignore":{},"init":{"__v":true,"_id":true,"name":true,"price":true,"stock":true},"modify":{},"require":{}}},"cachedRequired":{},"emitter":{"_events":{},"_eventsCount":0,"_maxListeners":0},"getters":{},"pathsToScopes":{},"session":null,"strictMode":true,"wasPopulated":false},"$init":true,"$locals":{},"$op":null,"_doc":{"__v":0,"_id":"66a886e24c67193d10fa8b13","name":"pain au chocolat","price":150,"stock":1000},"isNew":false,"level":"info","message":"Product deleted successfully:","timestamp":"2024-07-30T06:23:41.817Z"}
{"$__":{"$options":{"defaults":true},"$setCalled":{},"_id":"66a8877d4c67193d10fa8b17","activePaths":{"paths":{"name":"require","price":"require","stock":"require"},"stateNames":["require","modify","init","default","ignore"],"states":{"default":{},"ignore":{},"init":{},"modify":{},"require":{"name":true,"price":true,"stock":true}}},"backup":{"activePaths":{"default":{"_id":true},"modify":{"name":true,"price":true,"stock":true}}},"cachedRequired":{},"emitter":{"_events":{},"_eventsCount":0,"_maxListeners":0},"getters":{},"inserting":true,"pathsToScopes":{},"savedState":{},"session":null,"strictMode":true,"validating":null,"wasPopulated":false},"$locals":{},"$op":null,"_doc":{"__v":0,"_id":"66a8877d4c67193d10fa8b17","name":"pain au chocolat","price":2,"stock":1000},"isNew":false,"level":"info","message":"New product created:","timestamp":"2024-07-30T06:26:05.234Z"}
{"level":"info","message":"Retrieved 1 products","timestamp":"2024-07-30T06:26:41.582Z"}
